This is pdfTeX, Version 3.14159265-2.6-1.40.15 (TeX Live 2014) (preloaded format=pdflatex 2015.2.2)  30 SEP 2015 14:06
entering extended mode
 restricted \write18 enabled.
 file:line:error style messages enabled.
 %&-line parsing enabled.
**nwsguide.tex
(./nwsguide.tex
LaTeX2e <2014/05/01>
Babel <3.9k> and hyphenation patterns for 78 languages loaded.
(./nws.cls
Document Class: nws 2012/06/12 v1.00 Network Science document class
\draftrule=\dimen102
\trimrule=\dimen103
\trimwidth=\dimen104
\trimheight=\dimen105
\typewidth=\dimen106
\typeheight=\dimen107
\tempdimen=\dimen108
\normaltextheight=\dimen109
\normalbaselineskip=\skip41
\blindfoliodrop=\dimen110
LaTeX Font Info:    Overwriting math alphabet `\mfraknew' in version `normal'
(Font)                  U/eufa/m/n --> U/eufa/m/n on input line 159.
LaTeX Font Info:    Overwriting math alphabet `\mfraknew' in version `bold'
(Font)                  U/eufa/m/n --> U/eufa/b/n on input line 160.
\c@part=\count79
\c@section=\count80
\c@subsection=\count81
\c@subsubsection=\count82
\c@paragraph=\count83
\c@subparagraph=\count84
\@leftskip=\skip42
\proofsavebox=\box26
\authorcount=\count85
\tempcount=\count86
\authortempcount=\count87
\tempbox=\box27
\@footmax=\dimen111
LaTeX Font Info:    External font `cmex10' loaded for size
(Font)              <9> on input line 1014.
LaTeX Font Info:    External font `cmex10' loaded for size
(Font)              <6> on input line 1014.
LaTeX Font Info:    External font `cmex10' loaded for size
(Font)              <5> on input line 1014.
\c@table=\count88
\@tempboxb=\box28
\c@figure=\count89
\minute=\count90
\hour=\count91
(/usr/local/texlive/2014/texmf-dist/tex/latex/rotating/rotating.sty
Package: rotating 2009/03/28 v2.16a rotated objects in LaTeX

(/usr/local/texlive/2014/texmf-dist/tex/latex/graphics/graphicx.sty
Package: graphicx 2014/04/25 v1.0g Enhanced LaTeX Graphics (DPC,SPQR)

(/usr/local/texlive/2014/texmf-dist/tex/latex/graphics/keyval.sty
Package: keyval 2014/05/08 v1.15 key=value parser (DPC)
\KV@toks@=\toks14
)
(/usr/local/texlive/2014/texmf-dist/tex/latex/graphics/graphics.sty
Package: graphics 2009/02/05 v1.0o Standard LaTeX Graphics (DPC,SPQR)

(/usr/local/texlive/2014/texmf-dist/tex/latex/graphics/trig.sty
Package: trig 1999/03/16 v1.09 sin cos tan (DPC)
)
(/usr/local/texlive/2014/texmf-dist/tex/latex/latexconfig/graphics.cfg
File: graphics.cfg 2010/04/23 v1.9 graphics configuration of TeX Live
)
Package graphics Info: Driver file: pdftex.def on input line 91.

(/usr/local/texlive/2014/texmf-dist/tex/latex/pdftex-def/pdftex.def
File: pdftex.def 2011/05/27 v0.06d Graphics/color for pdfTeX

(/usr/local/texlive/2014/texmf-dist/tex/generic/oberdiek/infwarerr.sty
Package: infwarerr 2010/04/08 v1.3 Providing info/warning/error messages (HO)
)
(/usr/local/texlive/2014/texmf-dist/tex/generic/oberdiek/ltxcmds.sty
Package: ltxcmds 2011/11/09 v1.22 LaTeX kernel commands for general use (HO)
)
\Gread@gobject=\count92
))
\Gin@req@height=\dimen112
\Gin@req@width=\dimen113
)
(/usr/local/texlive/2014/texmf-dist/tex/latex/base/ifthen.sty
Package: ifthen 2001/05/26 v1.1c Standard LaTeX ifthen package (DPC)
)
\c@r@tfl@t=\count93
\rotFPtop=\skip43
\rotFPbot=\skip44
\rot@float@box=\box29
\rot@mess@toks=\toks15
)
\figheight=\dimen114
\figwidth=\dimen115

(/usr/local/texlive/2014/texmf-dist/tex/generic/epsf/epsf.sty
This is `epsf.tex' v2.7.4 <14 February 2011>
\epsffilein=\read1
\epsfframemargin=\dimen116
\epsfframethickness=\dimen117
\epsfrsize=\dimen118
\epsftmp=\dimen119
\epsftsize=\dimen120
\epsfxsize=\dimen121
\epsfysize=\dimen122
\pspoints=\dimen123
)
\figtempbox=\box30
\tabledim=\dimen124
\tableleftskip=\skip45
\tablerightskip=\skip46
\tabnoteleftskip=\skip47
\tabnoterightskip=\skip48
\tablewidth=\dimen125
\colcount=\count94
\firstcol=\count95
\lastcol=\count96
\tempbox=\box31
\c@mv@program=\count97
LaTeX Font Info:    Encoding `OML' has changed to `OT1' for symbol font
(Font)              `letters' in the math version `program' on input line 1818.

LaTeX Font Info:    Overwriting symbol font `letters' in version `program'
(Font)                  OML/cmm/m/it --> OT1/cmr/m/sl on input line 1818.
LaTeX Font Info:    Overwriting math alphabet `\mathnormal' in version `program
'
(Font)                  OT1/cmr/m/sl --> OT1/cmr/m/sl on input line 1820.
 (./mathptmx.sty
Package: mathptmx 1998/06/30 Times + math package from fontinst
LaTeX Font Info:    Redeclaring symbol font `operators' on input line 6.
LaTeX Font Info:    Overwriting symbol font `operators' in version `normal'
(Font)                  OT1/cmr/m/n --> OT1/ztmcm/m/n on input line 6.
LaTeX Font Info:    Overwriting symbol font `operators' in version `bold'
(Font)                  OT1/cmr/bx/n --> OT1/ztmcm/m/n on input line 6.
LaTeX Font Info:    Overwriting symbol font `operators' in version `program'
(Font)                  OT1/cmr/m/n --> OT1/ztmcm/m/n on input line 6.
LaTeX Font Info:    Redeclaring symbol font `letters' on input line 7.
LaTeX Font Info:    Overwriting symbol font `letters' in version `normal'
(Font)                  OML/cmm/m/it --> OML/ztmcm/m/it on input line 7.
LaTeX Font Info:    Overwriting symbol font `letters' in version `bold'
(Font)                  OML/cmm/b/it --> OML/ztmcm/m/it on input line 7.
LaTeX Font Info:    Encoding `OT1' has changed to `OML' for symbol font
(Font)              `letters' in the math version `program' on input line 7.
LaTeX Font Info:    Overwriting symbol font `letters' in version `program'
(Font)                  OT1/cmr/m/sl --> OML/ztmcm/m/it on input line 7.
LaTeX Font Info:    Redeclaring symbol font `symbols' on input line 8.
LaTeX Font Info:    Overwriting symbol font `symbols' in version `normal'
(Font)                  OMS/cmsy/m/n --> OMS/ztmcm/m/n on input line 8.
LaTeX Font Info:    Overwriting symbol font `symbols' in version `bold'
(Font)                  OMS/cmsy/b/n --> OMS/ztmcm/m/n on input line 8.
LaTeX Font Info:    Overwriting symbol font `symbols' in version `program'
(Font)                  OMS/cmsy/m/n --> OMS/ztmcm/m/n on input line 8.
LaTeX Font Info:    Redeclaring symbol font `largesymbols' on input line 9.
LaTeX Font Info:    Overwriting symbol font `largesymbols' in version `normal'
(Font)                  OMX/cmex/m/n --> OMX/ztmcm/m/n on input line 9.
LaTeX Font Info:    Overwriting symbol font `largesymbols' in version `bold'
(Font)                  OMX/cmex/m/n --> OMX/ztmcm/m/n on input line 9.
LaTeX Font Info:    Overwriting symbol font `largesymbols' in version `program'

(Font)                  OMX/cmex/m/n --> OMX/ztmcm/m/n on input line 9.
\symbold=\mathgroup4
\symitalic=\mathgroup5
LaTeX Font Info:    Redeclaring math alphabet \mathbf on input line 12.
LaTeX Font Info:    Overwriting math alphabet `\mathbf' in version `normal'
(Font)                  OT1/cmr/bx/n --> OT1/ptm/bx/n on input line 12.
LaTeX Font Info:    Overwriting math alphabet `\mathbf' in version `bold'
(Font)                  OT1/cmr/bx/n --> OT1/ptm/bx/n on input line 12.
LaTeX Font Info:    Overwriting math alphabet `\mathbf' in version `program'
(Font)                  OT1/cmr/bx/n --> OT1/ptm/bx/n on input line 12.
LaTeX Font Info:    Redeclaring math alphabet \mathit on input line 13.
LaTeX Font Info:    Overwriting math alphabet `\mathit' in version `normal'
(Font)                  OT1/cmr/m/it --> OT1/ptm/m/it on input line 13.
LaTeX Font Info:    Overwriting math alphabet `\mathit' in version `bold'
(Font)                  OT1/cmr/bx/it --> OT1/ptm/m/it on input line 13.
LaTeX Font Info:    Overwriting math alphabet `\mathit' in version `program'
(Font)                  OT1/cmr/m/it --> OT1/ptm/m/it on input line 13.
) (/usr/local/texlive/2014/texmf-dist/tex/latex/tools/bm.sty
Package: bm 2004/02/26 v1.1c Bold Symbol Support (DPC/FMi)
LaTeX Info: Redefining \bm on input line 203.
)
\c@mv@bold=\count98

(./amsfonts.sty
Package: amsfonts 2001/10/25 v2.2f
\@emptytoks=\toks16
\symAMSa=\mathgroup6
\symAMSb=\mathgroup7
LaTeX Font Info:    Overwriting math alphabet `\mathfrak' in version `bold'
(Font)                  U/euf/m/n --> U/euf/b/n on input line 132.
))
\c@lemma=\count99

No file nwsguide.aux.
\openout1 = `nwsguide.aux'.

LaTeX Font Info:    Checking defaults for OML/cmm/m/it on input line 39.
LaTeX Font Info:    ... okay on input line 39.
LaTeX Font Info:    Checking defaults for T1/cmr/m/n on input line 39.
LaTeX Font Info:    ... okay on input line 39.
LaTeX Font Info:    Checking defaults for OT1/cmr/m/n on input line 39.
LaTeX Font Info:    ... okay on input line 39.
LaTeX Font Info:    Checking defaults for OMS/cmsy/m/n on input line 39.
LaTeX Font Info:    ... okay on input line 39.
LaTeX Font Info:    Checking defaults for OMX/cmex/m/n on input line 39.
LaTeX Font Info:    ... okay on input line 39.
LaTeX Font Info:    Checking defaults for U/cmr/m/n on input line 39.
LaTeX Font Info:    ... okay on input line 39.
LaTeX Font Info:    Try loading font information for OT1+ptm on input line 39.
(/usr/local/texlive/2014/texmf-dist/tex/latex/psnfss/ot1ptm.fd
File: ot1ptm.fd 2001/06/04 font definitions for OT1/ptm.
)
(/usr/local/texlive/2014/texmf-dist/tex/context/base/supp-pdf.mkii
[Loading MPS to PDF converter (version 2006.09.02).]
\scratchcounter=\count100
\scratchdimen=\dimen126
\scratchbox=\box32
\nofMPsegments=\count101
\nofMParguments=\count102
\everyMPshowfont=\toks17
\MPscratchCnt=\count103
\MPscratchDim=\dimen127
\MPnumerator=\count104
\makeMPintoPDFobject=\count105
\everyMPtoPDFconversion=\toks18
) (/usr/local/texlive/2014/texmf-dist/tex/generic/oberdiek/pdftexcmds.sty
Package: pdftexcmds 2011/11/29 v0.20 Utility functions of pdfTeX for LuaTeX (HO
)

(/usr/local/texlive/2014/texmf-dist/tex/generic/oberdiek/ifluatex.sty
Package: ifluatex 2010/03/01 v1.3 Provides the ifluatex switch (HO)
Package ifluatex Info: LuaTeX not detected.
)
(/usr/local/texlive/2014/texmf-dist/tex/generic/oberdiek/ifpdf.sty
Package: ifpdf 2011/01/30 v2.3 Provides the ifpdf switch (HO)
Package ifpdf Info: pdfTeX in PDF mode is detected.
)
Package pdftexcmds Info: LuaTeX not detected.
Package pdftexcmds Info: \pdf@primitive is available.
Package pdftexcmds Info: \pdf@ifprimitive is available.
Package pdftexcmds Info: \pdfdraftmode found.
)
(/usr/local/texlive/2014/texmf-dist/tex/latex/oberdiek/epstopdf-base.sty
Package: epstopdf-base 2010/02/09 v2.5 Base part for package epstopdf

(/usr/local/texlive/2014/texmf-dist/tex/latex/oberdiek/grfext.sty
Package: grfext 2010/08/19 v1.1 Manage graphics extensions (HO)

(/usr/local/texlive/2014/texmf-dist/tex/generic/oberdiek/kvdefinekeys.sty
Package: kvdefinekeys 2011/04/07 v1.3 Define keys (HO)
))
(/usr/local/texlive/2014/texmf-dist/tex/latex/oberdiek/kvoptions.sty
Package: kvoptions 2011/06/30 v3.11 Key value format for package options (HO)

(/usr/local/texlive/2014/texmf-dist/tex/generic/oberdiek/kvsetkeys.sty
Package: kvsetkeys 2012/04/25 v1.16 Key value parser (HO)

(/usr/local/texlive/2014/texmf-dist/tex/generic/oberdiek/etexcmds.sty
Package: etexcmds 2011/02/16 v1.5 Avoid name clashes with e-TeX commands (HO)
Package etexcmds Info: Could not find \expanded.
(etexcmds)             That can mean that you are not using pdfTeX 1.50 or
(etexcmds)             that some package has redefined \expanded.
(etexcmds)             In the latter case, load this package earlier.
)))
Package grfext Info: Graphics extension search list:
(grfext)             [.png,.pdf,.jpg,.mps,.jpeg,.jbig2,.jb2,.PNG,.PDF,.JPG,.JPE
G,.JBIG2,.JB2,.eps]
(grfext)             \AppendGraphicsExtensions on input line 452.

(/usr/local/texlive/2014/texmf-dist/tex/latex/latexconfig/epstopdf-sys.cfg
File: epstopdf-sys.cfg 2010/07/13 v1.3 Configuration of (r)epstopdf for TeX Liv
e
))
LaTeX Font Info:    Font shape `OT1/ptm/bx/n' in size <10> not available
(Font)              Font shape `OT1/ptm/b/n' tried instead on input line 45.

No file nwsguide.toc.
\tf@toc=\write3
\openout3 = `nwsguide.toc'.


LaTeX Warning: Citation `mcwilliam2012building' on page 1 undefined on input li
ne 58.


LaTeX Warning: Citation `tapscott2008wikinomics' on page 1 undefined on input l
ine 58.


LaTeX Warning: Citation `rheingold1993virtual' on page 1 undefined on input lin
e 58.


LaTeX Warning: Citation `noveck2009wiki' on page 1 undefined on input line 58.


LaTeX Warning: Citation `cottica2010wikicrazia' on page 1 undefined on input li
ne 58.


LaTeX Warning: Citation `rheingold1993virtual' on page 1 undefined on input lin
e 58.


LaTeX Warning: Citation `zhang2007expertise' on page 1 undefined on input line 
58.


LaTeX Warning: Citation `shirky2008here' on page 1 undefined on input line 58.


LaTeX Warning: Citation `milligan2013patterns' on page 1 undefined on input lin
e 58.


LaTeX Warning: Citation `shirky2008here' on page 1 undefined on input line 58.


LaTeX Warning: Citation `rheingold1993virtual' on page 1 undefined on input lin
e 60.


Overfull \hbox (5.57639pt too wide) in paragraph at lines 60--61
[]\OT1/ptm/m/n/10 Organizations run-ning on-line com-mu-ni-ties typ-i-cally em-
ploy com-mu-nity man-agers, tasked
 []


Underfull \vbox (badness 10000) has occurred while \output is active []


Overfull \vbox (340.13695pt too high) has occurred while \output is active []


Underfull \vbox (badness 10000) has occurred while \output is active []


Underfull \vbox (badness 10000) has occurred while \output is active []


Underfull \vbox (badness 10000) has occurred while \output is active []


Overfull \vbox (42.0pt too high) has occurred while \output is active []


Overfull \vbox (42.0pt too high) has occurred while \output is active []


Overfull \vbox (702.78307pt too high) has occurred while \output is active []


Overfull \vbox (24.2pt too high) has occurred while \output is active []


Underfull \vbox (badness 10000) has occurred while \output is active []


Overfull \vbox (634.49802pt too high) has occurred while \output is active []


Underfull \hbox (badness 10000) has occurred while \output is active

 []


Overfull \vbox (3.10187pt too high) has occurred while \output is active []


[1{/usr/local/texlive/2014/texmf-var/fonts/map/pdftex/updmap/pdftex.map}
Non-PDF special ignored!
Non-PDF special ignored!
Non-PDF special ignored!]
LaTeX Font Info:    Try loading font information for OT1+ztmcm on input line 69
.

(/usr/local/texlive/2014/texmf-dist/tex/latex/psnfss/ot1ztmcm.fd
File: ot1ztmcm.fd 2000/01/03 Fontinst v1.801 font definitions for OT1/ztmcm.
)
LaTeX Font Info:    Try loading font information for OML+ztmcm on input line 69
.

(/usr/local/texlive/2014/texmf-dist/tex/latex/psnfss/omlztmcm.fd
File: omlztmcm.fd 2000/01/03 Fontinst v1.801 font definitions for OML/ztmcm.
)
LaTeX Font Info:    Try loading font information for OMS+ztmcm on input line 69
.

(/usr/local/texlive/2014/texmf-dist/tex/latex/psnfss/omsztmcm.fd
File: omsztmcm.fd 2000/01/03 Fontinst v1.801 font definitions for OMS/ztmcm.
)
LaTeX Font Info:    Try loading font information for OMX+ztmcm on input line 69
.

(/usr/local/texlive/2014/texmf-dist/tex/latex/psnfss/omxztmcm.fd
File: omxztmcm.fd 2000/01/03 Fontinst v1.801 font definitions for OMX/ztmcm.
)
LaTeX Font Info:    Font shape `OT1/ptm/bx/n' in size <7.4> not available
(Font)              Font shape `OT1/ptm/b/n' tried instead on input line 69.
LaTeX Font Info:    Font shape `OT1/ptm/bx/n' in size <6> not available
(Font)              Font shape `OT1/ptm/b/n' tried instead on input line 69.
LaTeX Font Info:    Try loading font information for U+msa on input line 69.

(/usr/local/texlive/2014/texmf-dist/tex/latex/amsfonts/umsa.fd
File: umsa.fd 2013/01/14 v3.01 AMS symbols A
)
LaTeX Font Info:    Try loading font information for U+msb on input line 69.

(/usr/local/texlive/2014/texmf-dist/tex/latex/amsfonts/umsb.fd
File: umsb.fd 2013/01/14 v3.01 AMS symbols B
)

LaTeX Warning: Citation `tapscott2008wikinomics' on page 2 undefined on input l
ine 69.


LaTeX Warning: Citation `tapscott2008wikinomics' on page 2 undefined on input l
ine 70.

LaTeX Font Info:    Font shape `OT1/ptm/bx/n' in size <9> not available
(Font)              Font shape `OT1/ptm/b/n' tried instead on input line 70.
LaTeX Font Info:    Font shape `OT1/ptm/bx/n' in size <7> not available
(Font)              Font shape `OT1/ptm/b/n' tried instead on input line 70.
LaTeX Font Info:    Font shape `OT1/ptm/bx/n' in size <5> not available
(Font)              Font shape `OT1/ptm/b/n' tried instead on input line 70.

LaTeX Warning: Citation `slegg2014facebook' on page 2 undefined on input line 7
1.


Underfull \vbox (badness 10000) has occurred while \output is active []


Overfull \vbox (340.13695pt too high) has occurred while \output is active []


Underfull \vbox (badness 10000) has occurred while \output is active []


Underfull \vbox (badness 10000) has occurred while \output is active []


Underfull \vbox (badness 10000) has occurred while \output is active []


Overfull \vbox (42.0pt too high) has occurred while \output is active []


Overfull \vbox (42.0pt too high) has occurred while \output is active []


Overfull \vbox (702.78307pt too high) has occurred while \output is active []


Overfull \vbox (24.2pt too high) has occurred while \output is active []


Underfull \vbox (badness 10000) has occurred while \output is active []


Overfull \vbox (634.49802pt too high) has occurred while \output is active []


./nwsguide.tex:76: Undefined control sequence.
\@thehead ...revmark }\else \itshape \@authormark 
                                                  \fi \hfil 
l.76 	\item D
             erive a course of action that community managers could take to ...

? 

Overfull \vbox (1.50186pt too high) has occurred while \output is active []


[2
Non-PDF special ignored!
Non-PDF special ignored!
Non-PDF special ignored!]
Missing character: There is no Ã in font ptmr7t!
Missing character: There is no „ in font ptmr7t!
Missing character: There is no Ã in font ptmr7t!
Missing character: There is no º in font ptmr7t!
Missing character: There is no Ã in font ptmr7t!
Missing character: There is no ¹ in font ptmr7t!
Missing character: There is no Ã in font ptmr7t!
Missing character: There is no „ in font ptmr7t!
Missing character: There is no Ã in font ptmr7t!
Missing character: There is no º in font ptmr7t!
Missing character: There is no Ã in font ptmr7t!
Missing character: There is no „ in font ptmr7t!
Missing character: There is no Ã in font ptmr7t!
Missing character: There is no ¹ in font ptmr7t!
Missing character: There is no Ã in font ptmr7t!
Missing character: There is no „ in font ptmr7t!
Missing character: There is no Ã in font ptmr7t!
Missing character: There is no º in font ptmr7t!
Missing character: There is no Ã in font ptmr7t!
Missing character: There is no „ in font ptmr7t!
Missing character: There is no Ã in font ptmr7t!
Missing character: There is no ¹ in font ptmr7t!
Missing character: There is no Ã in font ptmr7t!
Missing character: There is no „ in font ptmr7t!
Missing character: There is no Ã in font ptmr7t!
Missing character: There is no º in font ptmr7t!
Missing character: There is no Ã in font ptmr7t!
Missing character: There is no ¹ in font ptmr7t!


LaTeX Warning: Citation `shirky2008here' on page 3 undefined on input line 85.


LaTeX Warning: Citation `rheingold1993virtual' on page 3 undefined on input lin
e 85.


LaTeX Warning: Citation `shirky2008here' on page 3 undefined on input line 85.


Underfull \vbox (badness 10000) has occurred while \output is active []


Overfull \vbox (340.13695pt too high) has occurred while \output is active []


Underfull \vbox (badness 10000) has occurred while \output is active []


Underfull \vbox (badness 10000) has occurred while \output is active []


Underfull \vbox (badness 10000) has occurred while \output is active []


Overfull \vbox (42.0pt too high) has occurred while \output is active []


Overfull \vbox (42.0pt too high) has occurred while \output is active []


Overfull \vbox (702.78307pt too high) has occurred while \output is active []


Overfull \vbox (24.2pt too high) has occurred while \output is active []


Underfull \vbox (badness 10000) has occurred while \output is active []


Overfull \vbox (634.49802pt too high) has occurred while \output is active []


Overfull \vbox (1.50186pt too high) has occurred while \output is active []


[3
Non-PDF special ignored!
Non-PDF special ignored!
Non-PDF special ignored!]

LaTeX Warning: Citation `pierre1997collective' on page 4 undefined on input lin
e 97.


LaTeX Warning: Citation `shum2003roots' on page 4 undefined on input line 97.


LaTeX Warning: Citation `klein2012enabling' on page 4 undefined on input line 9
7.


LaTeX Warning: Citation `blondel2008fast' on page 4 undefined on input line 99.



LaTeX Warning: Citation `diplaris2011emerging' on page 4 undefined on input lin
e 99.


LaTeX Warning: Citation `de2012contested' on page 4 undefined on input line 99.



LaTeX Warning: Citation `shum2003roots' on page 4 undefined on input line 99.


LaTeX Warning: Citation `borgatti2009network' on page 4 undefined on input line
 101.


LaTeX Warning: Citation `burt2009structural' on page 4 undefined on input line 
101.


LaTeX Warning: Citation `lewis2008tastes' on page 4 undefined on input line 101
.


LaTeX Warning: Citation `nick2013toward' on page 4 undefined on input line 101.



LaTeX Warning: Citation `kunegis2013preferential' on page 4 undefined on input 
line 101.


LaTeX Warning: Citation `java2007we' on page 4 undefined on input line 101.


LaTeX Warning: Citation `hodas2014simple' on page 4 undefined on input line 101
.


LaTeX Warning: Citation `hodas2014simple' on page 4 undefined on input line 101
.


LaTeX Warning: Citation `laniado2011wikipedians' on page 4 undefined on input l
ine 101.


LaTeX Warning: Citation `zhang2007expertise' on page 4 undefined on input line 
101.


LaTeX Warning: Citation `zanetti2012quantitative' on page 4 undefined on input 
line 101.


Underfull \vbox (badness 10000) has occurred while \output is active []


Overfull \vbox (340.13695pt too high) has occurred while \output is active []


Underfull \vbox (badness 10000) has occurred while \output is active []


Underfull \vbox (badness 10000) has occurred while \output is active []


Underfull \vbox (badness 10000) has occurred while \output is active []


Overfull \vbox (42.0pt too high) has occurred while \output is active []


Overfull \vbox (42.0pt too high) has occurred while \output is active []


Overfull \vbox (702.78307pt too high) has occurred while \output is active []


Overfull \vbox (24.2pt too high) has occurred while \output is active []


Underfull \vbox (badness 10000) has occurred while \output is active []


Overfull \vbox (634.49802pt too high) has occurred while \output is active []


./nwsguide.tex:102: Undefined control sequence.
\@thehead ...revmark }\else \itshape \@authormark 
                                                  \fi \hfil 
l.102 
      
? 

Overfull \vbox (1.50186pt too high) has occurred while \output is active []


[4
Non-PDF special ignored!
Non-PDF special ignored!
Non-PDF special ignored!]

LaTeX Warning: Citation `barabasi1999emergence' on page 5 undefined on input li
ne 105.


LaTeX Warning: Citation `barabasi2005origin' on page 5 undefined on input line 
107.


LaTeX Warning: Citation `barabasi1999mean' on page 5 undefined on input line 10
7.


LaTeX Warning: Citation `dorogovtsev2002evolution' on page 5 undefined on input
 line 107.


LaTeX Warning: Citation `dorogovtsev2002evolution' on page 5 undefined on input
 line 109.

Missing character: There is no â in font ptmr7t!
Missing character: There is no € in font ptmr7t!
Missing character: There is no š in font ptmr7t!
Missing character: There is no Ã in font ptmr7t!
Missing character: There is no „ in font ptmr7t!
Missing character: There is no Ã in font ptmr7t!
Missing character: There is no º in font ptmr7t!
Missing character: There is no â in font ptmr7t!
Missing character: There is no € in font ptmr7t!
Missing character: There is no š in font ptmr7t!
Missing character: There is no Ã in font ptmr7t!
Missing character: There is no „ in font ptmr7t!
Missing character: There is no Ã in font ptmr7t!
Missing character: There is no ¹ in font ptmr7t!

Underfull \vbox (badness 10000) has occurred while \output is active []


Overfull \vbox (340.13695pt too high) has occurred while \output is active []


Underfull \vbox (badness 10000) has occurred while \output is active []


Underfull \vbox (badness 10000) has occurred while \output is active []


Underfull \vbox (badness 10000) has occurred while \output is active []


Overfull \vbox (42.0pt too high) has occurred while \output is active []


Overfull \vbox (42.0pt too high) has occurred while \output is active []


Overfull \vbox (702.78307pt too high) has occurred while \output is active []


Overfull \vbox (24.2pt too high) has occurred while \output is active []


Underfull \vbox (badness 10000) has occurred while \output is active []


Overfull \vbox (634.49802pt too high) has occurred while \output is active []


Overfull \vbox (1.50186pt too high) has occurred while \output is active []


[5
Non-PDF special ignored!
Non-PDF special ignored!
Non-PDF special ignored!]
LaTeX Font Info:    Font shape `OT1/ptm/bx/it' in size <10> not available
(Font)              Font shape `OT1/ptm/b/it' tried instead on input line 124.


LaTeX Warning: Reference `table:empiricalData' on page 6 undefined on input lin
e 127.


LaTeX Warning: Citation `milgram1967small' on page 6 undefined on input line 14
9.


LaTeX Warning: Reference `fig:NetViz' on page 6 undefined on input line 163.

<./Pictures/innovatoripa_01.jpg, id=23, 736.7525pt x 734.745pt>
File: ./Pictures/innovatoripa_01.jpg Graphic file (type jpg)

<use ./Pictures/innovatoripa_01.jpg>
Package pdftex.def Info: ./Pictures/innovatoripa_01.jpg used on input line 167.

(pdftex.def)             Requested size: 216.0022pt x 215.41374pt.

<./Pictures/edgeryders_02.jpg, id=24, 739.76375pt x 734.745pt>
File: ./Pictures/edgeryders_02.jpg Graphic file (type jpg)

<use ./Pictures/edgeryders_02.jpg>
Package pdftex.def Info: ./Pictures/edgeryders_02.jpg used on input line 168.
(pdftex.def)             Requested size: 216.0022pt x 214.53926pt.

<./Pictures/matera2019_01.jpg, id=25, 737.75626pt x 734.745pt>
File: ./Pictures/matera2019_01.jpg Graphic file (type jpg)

<use ./Pictures/matera2019_01.jpg>
Package pdftex.def Info: ./Pictures/matera2019_01.jpg used on input line 169.
(pdftex.def)             Requested size: 216.0022pt x 215.11104pt.


LaTeX Warning: Float too large for page by 91.81247pt on input line 174.


Underfull \vbox (badness 10000) has occurred while \output is active []


Overfull \vbox (340.13695pt too high) has occurred while \output is active []


Underfull \vbox (badness 10000) has occurred while \output is active []


Underfull \vbox (badness 10000) has occurred while \output is active []


Underfull \vbox (badness 10000) has occurred while \output is active []


Overfull \vbox (42.0pt too high) has occurred while \output is active []


Overfull \vbox (42.0pt too high) has occurred while \output is active []


Overfull \vbox (702.78307pt too high) has occurred while \output is active []


Overfull \vbox (24.2pt too high) has occurred while \output is active []


Underfull \vbox (badness 10000) has occurred while \output is active []


Overfull \vbox (634.49802pt too high) has occurred while \output is active []


./nwsguide.tex:180: Undefined control sequence.
\@thehead ...revmark }\else \itshape \@authormark 
                                                  \fi \hfil 
l.180 \item f
             inally, we ran goodness-of-fit tests for each in-degree distrib...

? 

Overfull \vbox (1.50186pt too high) has occurred while \output is active []


[6
Non-PDF special ignored!
Non-PDF special ignored!
Non-PDF special ignored!]
Underfull \vbox (badness 10000) has occurred while \output is active []


Overfull \vbox (340.13695pt too high) has occurred while \output is active []


Underfull \vbox (badness 10000) has occurred while \output is active []


Underfull \vbox (badness 10000) has occurred while \output is active []


Underfull \vbox (badness 10000) has occurred while \output is active []


Overfull \vbox (42.0pt too high) has occurred while \output is active []


Overfull \vbox (42.0pt too high) has occurred while \output is active []


Overfull \vbox (702.78307pt too high) has occurred while \output is active []


Overfull \vbox (24.2pt too high) has occurred while \output is active []


Underfull \vbox (badness 10000) has occurred while \output is active []


Overfull \vbox (634.49802pt too high) has occurred while \output is active []


Overfull \vbox (1.34799pt too high) has occurred while \output is active []


[7
Non-PDF special ignored!
Non-PDF special ignored!
Non-PDF special ignored! <./Pictures/innovatoripa_01.jpg> <./Pictures/edgeryder
s_02.jpg> <./Pictures/matera2019_01.jpg>]

LaTeX Warning: Citation `clauset2009power' on page 8 undefined on input line 18
0.

<./Pictures/PDF_fit_innovatoriPA.png, id=34, 519.6213pt x 414.8298pt>
File: ./Pictures/PDF_fit_innovatoriPA.png Graphic file (type png)

<use ./Pictures/PDF_fit_innovatoriPA.png>
Package pdftex.def Info: ./Pictures/PDF_fit_innovatoriPA.png used on input line
 185.
(pdftex.def)             Requested size: 161.9989pt x 129.33015pt.

<./Pictures/YES_PDF_fit_no_onboarding_178.png, id=36, 519.6213pt x 414.8298pt>
File: ./Pictures/YES_PDF_fit_no_onboarding_178.png Graphic file (type png)

<use ./Pictures/YES_PDF_fit_no_onboarding_178.png>
Package pdftex.def Info: ./Pictures/YES_PDF_fit_no_onboarding_178.png used on i
nput line 186.
(pdftex.def)             Requested size: 161.9989pt x 129.33015pt.

<./Pictures/PDF_fit_edgeryders.png, id=37, 519.6213pt x 414.8298pt>
File: ./Pictures/PDF_fit_edgeryders.png Graphic file (type png)

<use ./Pictures/PDF_fit_edgeryders.png>
Package pdftex.def Info: ./Pictures/PDF_fit_edgeryders.png used on input line 1
87.
(pdftex.def)             Requested size: 161.9989pt x 129.33015pt.

<./Pictures/YES-PDF_fit_onboarding_nu_1_1__429.png, id=38, 519.6213pt x 414.829
8pt>
File: ./Pictures/YES-PDF_fit_onboarding_nu_1_1__429.png Graphic file (type png)

 <use ./Pictures/YES-PDF_fit_onboarding_nu_1_1__429.png>
Package pdftex.def Info: ./Pictures/YES-PDF_fit_onboarding_nu_1_1__429.png used
 on input line 188.
(pdftex.def)             Requested size: 161.9989pt x 129.33015pt.


LaTeX Warning: Citation `dorogovtsev2002evolution' on page 8 undefined on input
 line 196.


LaTeX Warning: Citation `dorogovtsev2002evolution' on page 8 undefined on input
 line 196.


Overfull \hbox (7.73714pt too wide) in paragraph at lines 196--197
[]\OT1/ptm/m/n/10 We em-pha-size in-degree, as op-posed to out-degree, for the 
fol-low-ing rea-son. The Barab[]asi-
 []


Underfull \vbox (badness 10000) has occurred while \output is active []


Overfull \vbox (340.13695pt too high) has occurred while \output is active []


Underfull \vbox (badness 10000) has occurred while \output is active []


Underfull \vbox (badness 10000) has occurred while \output is active []


Underfull \vbox (badness 10000) has occurred while \output is active []


Overfull \vbox (42.0pt too high) has occurred while \output is active []


Overfull \vbox (42.0pt too high) has occurred while \output is active []


Overfull \vbox (702.78307pt too high) has occurred while \output is active []


Overfull \vbox (24.2pt too high) has occurred while \output is active []


Underfull \vbox (badness 10000) has occurred while \output is active []


Overfull \vbox (634.49802pt too high) has occurred while \output is active []


./nwsguide.tex:198: Undefined control sequence.
\@thehead ...revmark }\else \itshape \@authormark 
                                                  \fi \hfil 
l.198 R
       esults are summarised in Table \ref{table:goodnessOfFit}.
? 

Overfull \vbox (1.50186pt too high) has occurred while \output is active []


[8
Non-PDF special ignored!
Non-PDF special ignored!
Non-PDF special ignored!]

LaTeX Warning: Reference `table:goodnessOfFit' on page 9 undefined on input lin
e 198.


Underfull \vbox (badness 10000) has occurred while \output is active []


Overfull \vbox (340.13695pt too high) has occurred while \output is active []


Underfull \vbox (badness 10000) has occurred while \output is active []


Underfull \vbox (badness 10000) has occurred while \output is active []


Underfull \vbox (badness 10000) has occurred while \output is active []


Overfull \vbox (42.0pt too high) has occurred while \output is active []


Overfull \vbox (42.0pt too high) has occurred while \output is active []


Overfull \vbox (702.78307pt too high) has occurred while \output is active []


Overfull \vbox (24.2pt too high) has occurred while \output is active []


Underfull \vbox (badness 10000) has occurred while \output is active []


Overfull \vbox (634.49802pt too high) has occurred while \output is active []


Overfull \vbox (1.50186pt too high) has occurred while \output is active []


[9
Non-PDF special ignored!
Non-PDF special ignored!
Non-PDF special ignored! <./Pictures/PDF_fit_innovatoriPA.png> <./Pictures/YES_
PDF_fit_no_onboarding_178.png> <./Pictures/PDF_fit_edgeryders.png> <./Pictures/
YES-PDF_fit_onboarding_nu_1_1__429.png>]
Overfull \hbox (47.82657pt too wide) in paragraph at lines 249--250
[]\OT1/ptm/m/n/10 100 com-mu-ni-ties for each cou-ple of val-ues of $\OML/ztmcm
/m/it/10 ^^W[]$ \OT1/ptm/m/n/10 and $\OML/ztmcm/m/it/10 ^^W[]$\OT1/ptm/m/n/10 ,
 with $\OML/ztmcm/m/it/10 ^^W[]; ^^W[] \OMS/ztmcm/m/n/10 2 f\OT1/ztmcm/m/n/10 0
\OML/ztmcm/m/it/10 :\OT1/ztmcm/m/n/10 0\OML/ztmcm/m/it/10 ; \OT1/ztmcm/m/n/10 0
\OML/ztmcm/m/it/10 :\OT1/ztmcm/m/n/10 2\OML/ztmcm/m/it/10 ; \OT1/ztmcm/m/n/10 0
\OML/ztmcm/m/it/10 :\OT1/ztmcm/m/n/10 4\OML/ztmcm/m/it/10 ; \OT1/ztmcm/m/n/10 0
\OML/ztmcm/m/it/10 :\OT1/ztmcm/m/n/10 6\OML/ztmcm/m/it/10 ; \OT1/ztmcm/m/n/10 0
\OML/ztmcm/m/it/10 :\OT1/ztmcm/m/n/10 8\OML/ztmcm/m/it/10 ; \OT1/ztmcm/m/n/10 1
\OML/ztmcm/m/it/10 :\OT1/ztmcm/m/n/10 0\OMS/ztmcm/m/n/10 g$\OT1/ptm/m/n/10 .
 []


Underfull \vbox (badness 10000) has occurred while \output is active []


Overfull \vbox (340.13695pt too high) has occurred while \output is active []


Underfull \vbox (badness 10000) has occurred while \output is active []


Underfull \vbox (badness 10000) has occurred while \output is active []


Underfull \vbox (badness 10000) has occurred while \output is active []


Overfull \vbox (42.0pt too high) has occurred while \output is active []


Overfull \vbox (42.0pt too high) has occurred while \output is active []


Overfull \vbox (702.78307pt too high) has occurred while \output is active []


Overfull \vbox (24.2pt too high) has occurred while \output is active []


Underfull \vbox (badness 10000) has occurred while \output is active []


Overfull \vbox (634.49802pt too high) has occurred while \output is active []


./nwsguide.tex:250: Undefined control sequence.
\@thehead ...revmark }\else \itshape \@authormark 
                                                  \fi \hfil 
l.250 \item F
             or each of these networks, we compute the in-degree distribution.
? 

Overfull \vbox (1.50186pt too high) has occurred while \output is active []


[10
Non-PDF special ignored!
Non-PDF special ignored!
Non-PDF special ignored!]

LaTeX Warning: Citation `clauset2009power' on page 11 undefined on input line 2
61.

Missing character: There is no Â in font ptmr7t!
Missing character: There is no · in font ptmr7t!

LaTeX Warning: Citation `dorogovtsev2002evolution' on page 11 undefined on inpu
t line 276.


LaTeX Warning: Citation `dorogovtsev2002evolution' on page 11 undefined on inpu
t line 280.


LaTeX Warning: Citation `dorogovtsev2002evolution' on page 11 undefined on inpu
t line 280.


Underfull \vbox (badness 10000) has occurred while \output is active []


Overfull \vbox (340.13695pt too high) has occurred while \output is active []


Underfull \vbox (badness 10000) has occurred while \output is active []


Underfull \vbox (badness 10000) has occurred while \output is active []


Underfull \vbox (badness 10000) has occurred while \output is active []


Overfull \vbox (42.0pt too high) has occurred while \output is active []


Overfull \vbox (42.0pt too high) has occurred while \output is active []


Overfull \vbox (702.78307pt too high) has occurred while \output is active []


Overfull \vbox (24.2pt too high) has occurred while \output is active []


Underfull \vbox (badness 10000) has occurred while \output is active []


Overfull \vbox (634.49802pt too high) has occurred while \output is active []


Overfull \vbox (1.50186pt too high) has occurred while \output is active []


[11
Non-PDF special ignored!
Non-PDF special ignored!
Non-PDF special ignored!]

LaTeX Warning: Reference `table:GOF1' on page 12 undefined on input line 298.


LaTeX Warning: Reference `table:AvgPvall' on page 12 undefined on input line 29
9.


LaTeX Warning: `h' float specifier changed to `ht'.


LaTeX Warning: Reference `table:GOF1' on page 12 undefined on input line 328.


Underfull \vbox (badness 10000) has occurred while \output is active []


Overfull \vbox (340.13695pt too high) has occurred while \output is active []


Underfull \vbox (badness 10000) has occurred while \output is active []


Underfull \vbox (badness 10000) has occurred while \output is active []


Underfull \vbox (badness 10000) has occurred while \output is active []


Overfull \vbox (42.0pt too high) has occurred while \output is active []


Overfull \vbox (42.0pt too high) has occurred while \output is active []


Overfull \vbox (702.78307pt too high) has occurred while \output is active []


Overfull \vbox (24.2pt too high) has occurred while \output is active []


Underfull \vbox (badness 10000) has occurred while \output is active []


Overfull \vbox (634.49802pt too high) has occurred while \output is active []


./nwsguide.tex:330: Undefined control sequence.
\@thehead ...revmark }\else \itshape \@authormark 
                                                  \fi \hfil 
l.330 I
       t is worth to look at the average p-values generated by each combinat...

? 

Overfull \vbox (1.50186pt too high) has occurred while \output is active []


[12
Non-PDF special ignored!
Non-PDF special ignored!
Non-PDF special ignored!]

LaTeX Warning: Reference `table:AvgPvall' on page 13 undefined on input line 33
0.


LaTeX Warning: Reference `fig:CDFpvanu_1nu_2' on page 13 undefined on input lin
e 360.

<./Pictures/CDF_pva_nu1.png, id=61, 879.285pt x 639.38875pt>
File: ./Pictures/CDF_pva_nu1.png Graphic file (type png)

<use ./Pictures/CDF_pva_nu1.png>
Package pdftex.def Info: ./Pictures/CDF_pva_nu1.png used on input line 365.
(pdftex.def)             Requested size: 270.0pt x 196.33525pt.

<./Pictures/CDF_pva_nu2.png, id=62, 879.285pt x 639.38875pt>
File: ./Pictures/CDF_pva_nu2.png Graphic file (type png)

<use ./Pictures/CDF_pva_nu2.png>
Package pdftex.def Info: ./Pictures/CDF_pva_nu2.png used on input line 366.
(pdftex.def)             Requested size: 270.0pt x 196.33525pt.

Overfull \hbox (7.76683pt too wide) in paragraph at lines 373--374
\OT1/ptm/m/n/10 degree dis-tri-bu-tions in dif-fer-ent ways. In-creas-ing $\OML
/ztmcm/m/it/10 ^^W[]$ \OT1/ptm/m/n/10 pushes av-er-age p-values of the goodness
-
 []


Underfull \vbox (badness 10000) has occurred while \output is active []


Overfull \vbox (340.13695pt too high) has occurred while \output is active []


Underfull \vbox (badness 10000) has occurred while \output is active []


Underfull \vbox (badness 10000) has occurred while \output is active []


Underfull \vbox (badness 10000) has occurred while \output is active []


Overfull \vbox (42.0pt too high) has occurred while \output is active []


Overfull \vbox (42.0pt too high) has occurred while \output is active []


Overfull \vbox (702.78307pt too high) has occurred while \output is active []


Overfull \vbox (24.2pt too high) has occurred while \output is active []


Underfull \vbox (badness 10000) has occurred while \output is active []


Overfull \vbox (634.49802pt too high) has occurred while \output is active []


Overfull \vbox (1.50186pt too high) has occurred while \output is active []


[13
Non-PDF special ignored!
Non-PDF special ignored!
Non-PDF special ignored!]

LaTeX Warning: Reference `fig:CDFpvanu_1nu_2' on page 14 undefined on input lin
e 375.


Underfull \vbox (badness 10000) has occurred while \output is active []


Overfull \vbox (340.13695pt too high) has occurred while \output is active []


Underfull \vbox (badness 10000) has occurred while \output is active []


Underfull \vbox (badness 10000) has occurred while \output is active []


Underfull \vbox (badness 10000) has occurred while \output is active []


Overfull \vbox (42.0pt too high) has occurred while \output is active []


Overfull \vbox (42.0pt too high) has occurred while \output is active []


Overfull \vbox (702.78307pt too high) has occurred while \output is active []


Overfull \vbox (24.2pt too high) has occurred while \output is active []


Underfull \vbox (badness 10000) has occurred while \output is active []


Overfull \vbox (634.49802pt too high) has occurred while \output is active []


./nwsguide.tex:378: Undefined control sequence.
\@thehead ...revmark }\else \itshape \@authormark 
                                                  \fi \hfil 
l.378 \item C
             oefficients on predictors corresponding to different values of ...

? 

Overfull \vbox (1.50186pt too high) has occurred while \output is active []


[14
Non-PDF special ignored!
Non-PDF special ignored!
Non-PDF special ignored! <./Pictures/CDF_pva_nu1.png> <./Pictures/CDF_pva_nu2.p
ng>]

LaTeX Warning: Reference `table:rejectsNoOb' on page 15 undefined on input line
 388.


LaTeX Warning: Reference `table:ttestkMin' on page 15 undefined on input line 4
19.


Overfull \hbox (13.72853pt too wide) in alignment at lines 425--444
 [] [] [] [] [] [] [] 
 []


Underfull \vbox (badness 10000) has occurred while \output is active []


Overfull \vbox (340.13695pt too high) has occurred while \output is active []


Underfull \vbox (badness 10000) has occurred while \output is active []


Underfull \vbox (badness 10000) has occurred while \output is active []


Underfull \vbox (badness 10000) has occurred while \output is active []


Overfull \vbox (42.0pt too high) has occurred while \output is active []


Overfull \vbox (42.0pt too high) has occurred while \output is active []


Overfull \vbox (702.78307pt too high) has occurred while \output is active []


Overfull \vbox (24.2pt too high) has occurred while \output is active []


Underfull \vbox (badness 10000) has occurred while \output is active []


Overfull \vbox (634.49802pt too high) has occurred while \output is active []


Overfull \vbox (1.50186pt too high) has occurred while \output is active []


[15
Non-PDF special ignored!
Non-PDF special ignored!
Non-PDF special ignored!]
<./Pictures/CDF_kmin_nu1.png, id=75, 879.285pt x 639.38875pt>
File: ./Pictures/CDF_kmin_nu1.png Graphic file (type png)

<use ./Pictures/CDF_kmin_nu1.png>
Package pdftex.def Info: ./Pictures/CDF_kmin_nu1.png used on input line 450.
(pdftex.def)             Requested size: 270.0pt x 196.33525pt.

<./Pictures/CDF_kmin_nu2.png, id=76, 879.285pt x 639.38875pt>
File: ./Pictures/CDF_kmin_nu2.png Graphic file (type png)

<use ./Pictures/CDF_kmin_nu2.png>
Package pdftex.def Info: ./Pictures/CDF_kmin_nu2.png used on input line 451.
(pdftex.def)             Requested size: 270.0pt x 196.33525pt.


LaTeX Warning: Reference `fig:CDFkmin_nu_1nu_2' on page 16 undefined on input l
ine 460.


LaTeX Warning: Reference `ssec:GOF of power law' on page 16 undefined on input 
line 460.


LaTeX Warning: Citation `dorogovtsev2002evolution' on page 16 undefined on inpu
t line 475.


LaTeX Warning: Reference `table:ttestExpA' on page 16 undefined on input line 4
77.


LaTeX Warning: Reference `table:ttestExp' on page 16 undefined on input line 47
7.


LaTeX Warning: Reference `table:ttestExpA' on page 16 undefined on input line 4
77.


LaTeX Warning: Reference `table:ttestExp' on page 16 undefined on input line 47
7.


Underfull \vbox (badness 10000) has occurred while \output is active []


Overfull \vbox (340.13695pt too high) has occurred while \output is active []


Underfull \vbox (badness 10000) has occurred while \output is active []


Underfull \vbox (badness 10000) has occurred while \output is active []


Underfull \vbox (badness 10000) has occurred while \output is active []


Overfull \vbox (42.0pt too high) has occurred while \output is active []


Overfull \vbox (42.0pt too high) has occurred while \output is active []


Overfull \vbox (702.78307pt too high) has occurred while \output is active []


Overfull \vbox (24.2pt too high) has occurred while \output is active []


Underfull \vbox (badness 10000) has occurred while \output is active []


Overfull \vbox (634.49802pt too high) has occurred while \output is active []


./nwsguide.tex:478: Undefined control sequence.
\@thehead ...revmark }\else \itshape \@authormark 
                                                  \fi \hfil 
l.478 
      
? 

Overfull \vbox (1.50186pt too high) has occurred while \output is active []


[16
Non-PDF special ignored!
Non-PDF special ignored!
Non-PDF special ignored!]
Underfull \vbox (badness 10000) has occurred while \output is active []


Overfull \vbox (340.13695pt too high) has occurred while \output is active []


Underfull \vbox (badness 10000) has occurred while \output is active []


Underfull \vbox (badness 10000) has occurred while \output is active []


Underfull \vbox (badness 10000) has occurred while \output is active []


Overfull \vbox (42.0pt too high) has occurred while \output is active []


Overfull \vbox (42.0pt too high) has occurred while \output is active []


Overfull \vbox (702.78307pt too high) has occurred while \output is active []


Overfull \vbox (24.2pt too high) has occurred while \output is active []


Underfull \vbox (badness 10000) has occurred while \output is active []


Overfull \vbox (634.49802pt too high) has occurred while \output is active []


Overfull \vbox (1.50186pt too high) has occurred while \output is active []


[17
Non-PDF special ignored!
Non-PDF special ignored!
Non-PDF special ignored! <./Pictures/CDF_kmin_nu1.png> <./Pictures/CDF_kmin_nu2
.png>]

LaTeX Warning: Reference `ssec:GOF of power law' on page 18 undefined on input 
line 531.


Underfull \vbox (badness 10000) has occurred while \output is active []


Overfull \vbox (340.13695pt too high) has occurred while \output is active []


Underfull \vbox (badness 10000) has occurred while \output is active []


Underfull \vbox (badness 10000) has occurred while \output is active []


Underfull \vbox (badness 10000) has occurred while \output is active []


Overfull \vbox (42.0pt too high) has occurred while \output is active []


Overfull \vbox (42.0pt too high) has occurred while \output is active []


Overfull \vbox (702.78307pt too high) has occurred while \output is active []


Overfull \vbox (24.2pt too high) has occurred while \output is active []


Underfull \vbox (badness 10000) has occurred while \output is active []


Overfull \vbox (634.49802pt too high) has occurred while \output is active []


./nwsguide.tex:535: Undefined control sequence.
\@thehead ...revmark }\else \itshape \@authormark 
                                                  \fi \hfil 
l.535 \item C
             oefficients on predictors corresponding to different values of ...

? 

Overfull \vbox (1.50186pt too high) has occurred while \output is active []


[18
Non-PDF special ignored!
Non-PDF special ignored!
Non-PDF special ignored!]
Underfull \vbox (badness 10000) has occurred while \output is active []


Overfull \vbox (340.13695pt too high) has occurred while \output is active []


Underfull \vbox (badness 10000) has occurred while \output is active []


Underfull \vbox (badness 10000) has occurred while \output is active []


Underfull \vbox (badness 10000) has occurred while \output is active []


Overfull \vbox (42.0pt too high) has occurred while \output is active []


Overfull \vbox (42.0pt too high) has occurred while \output is active []


Overfull \vbox (702.78307pt too high) has occurred while \output is active []


Overfull \vbox (24.2pt too high) has occurred while \output is active []


Underfull \vbox (badness 10000) has occurred while \output is active []


Overfull \vbox (634.49802pt too high) has occurred while \output is active []


Overfull \vbox (1.50186pt too high) has occurred while \output is active []


[19
Non-PDF special ignored!
Non-PDF special ignored!
Non-PDF special ignored!]
Underfull \vbox (badness 10000) has occurred while \output is active []


Overfull \vbox (340.13695pt too high) has occurred while \output is active []


Underfull \vbox (badness 10000) has occurred while \output is active []


Underfull \vbox (badness 10000) has occurred while \output is active []


Underfull \vbox (badness 10000) has occurred while \output is active []


Overfull \vbox (42.0pt too high) has occurred while \output is active []


Overfull \vbox (42.0pt too high) has occurred while \output is active []


Overfull \vbox (702.78307pt too high) has occurred while \output is active []


Overfull \vbox (24.2pt too high) has occurred while \output is active []


Underfull \vbox (badness 10000) has occurred while \output is active []


Overfull \vbox (634.49802pt too high) has occurred while \output is active []


./nwsguide.tex:564: Undefined control sequence.
\@thehead ...revmark }\else \itshape \@authormark 
                                                  \fi \hfil 
l.564 O
       ur results are in accordance with the first of the two conjectures. A...

? 

Overfull \vbox (1.50186pt too high) has occurred while \output is active []


[20
Non-PDF special ignored!
Non-PDF special ignored!
Non-PDF special ignored!]

LaTeX Warning: Reference `sec:empirical_data' on page 21 undefined on input lin
e 564.


LaTeX Warning: Citation `dorogovtsev2002evolution' on page 21 undefined on inpu
t line 570.


LaTeX Warning: Citation `bianconi2001competition' on page 21 undefined on input
 line 572.


Underfull \vbox (badness 10000) has occurred while \output is active []


Overfull \vbox (340.13695pt too high) has occurred while \output is active []


Underfull \vbox (badness 10000) has occurred while \output is active []


Underfull \vbox (badness 10000) has occurred while \output is active []


Underfull \vbox (badness 10000) has occurred while \output is active []


Overfull \vbox (42.0pt too high) has occurred while \output is active []


Overfull \vbox (42.0pt too high) has occurred while \output is active []


Overfull \vbox (702.78307pt too high) has occurred while \output is active []


Overfull \vbox (24.2pt too high) has occurred while \output is active []


Underfull \vbox (badness 10000) has occurred while \output is active []


Overfull \vbox (634.49802pt too high) has occurred while \output is active []


Overfull \vbox (1.50186pt too high) has occurred while \output is active []


[21
Non-PDF special ignored!
Non-PDF special ignored!
Non-PDF special ignored!]
Underfull \vbox (badness 10000) has occurred while \output is active []


Overfull \vbox (340.13695pt too high) has occurred while \output is active []


Underfull \vbox (badness 10000) has occurred while \output is active []


Underfull \vbox (badness 10000) has occurred while \output is active []


Underfull \vbox (badness 10000) has occurred while \output is active []


Overfull \vbox (42.0pt too high) has occurred while \output is active []


Overfull \vbox (42.0pt too high) has occurred while \output is active []


Overfull \vbox (702.78307pt too high) has occurred while \output is active []


Overfull \vbox (24.2pt too high) has occurred while \output is active []


Underfull \vbox (badness 10000) has occurred while \output is active []


Overfull \vbox (634.49802pt too high) has occurred while \output is active []


./nwsguide.tex:593: Undefined control sequence.
\@thehead ...revmark }\else \itshape \@authormark 
                                                  \fi \hfil 
l.593 \item O
             therwise, with probability $1 - n/n_{tail}$, we select one elem...

? 

Overfull \vbox (1.50186pt too high) has occurred while \output is active []


[22
Non-PDF special ignored!
Non-PDF special ignored!
Non-PDF special ignored!]

LaTeX Warning: Citation `clauset2009power' on page 23 undefined on input line 5
98.


LaTeX Warning: Reference `fig:NetViz' on page 23 undefined on input line 608.


LaTeX Warning: Citation `dorogovtsev2002evolution' on page 23 undefined on inpu
t line 612.

Missing character: There is no Ã in font ptmr7t!
Missing character: There is no „ in font ptmr7t!
Missing character: There is no Ã in font ptmr7t!
Missing character: There is no ¹ in font ptmr7t!

Underfull \vbox (badness 10000) has occurred while \output is active []


Overfull \vbox (340.13695pt too high) has occurred while \output is active []


Underfull \vbox (badness 10000) has occurred while \output is active []


Underfull \vbox (badness 10000) has occurred while \output is active []


Underfull \vbox (badness 10000) has occurred while \output is active []


Overfull \vbox (42.0pt too high) has occurred while \output is active []


Overfull \vbox (42.0pt too high) has occurred while \output is active []


Overfull \vbox (702.78307pt too high) has occurred while \output is active []


Overfull \vbox (24.2pt too high) has occurred while \output is active []


Underfull \vbox (badness 10000) has occurred while \output is active []


Overfull \vbox (634.49802pt too high) has occurred while \output is active []


Overfull \vbox (1.50186pt too high) has occurred while \output is active []


[23
Non-PDF special ignored!
Non-PDF special ignored!
Non-PDF special ignored!]

LaTeX Warning: Reference `sec:results' on page 24 undefined on input line 618.


LaTeX Warning: `h' float specifier changed to `ht'.


LaTeX Warning: `h' float specifier changed to `ht'.


LaTeX Warning: `h' float specifier changed to `ht'.


LaTeX Warning: `h' float specifier changed to `ht'.


LaTeX Warning: Citation `alstott2014powerlaw' on page 24 undefined on input lin
e 1024.


Overfull \hbox (44.1457pt too wide) in paragraph at lines 1025--1026
[]\OT1/ptm/m/n/10 The net-work vi-su-al-iza-tions were drawn with Edge-sense: h
ttps://github.com/Wikitalia/edgesense 
 []

No file nwsguide.bbl.

Underfull \vbox (badness 10000) has occurred while \output is active []


Overfull \vbox (340.13695pt too high) has occurred while \output is active []


Underfull \vbox (badness 10000) has occurred while \output is active []


Underfull \vbox (badness 10000) has occurred while \output is active []


Underfull \vbox (badness 10000) has occurred while \output is active []


Overfull \vbox (42.0pt too high) has occurred while \output is active []


Overfull \vbox (42.0pt too high) has occurred while \output is active []


Overfull \vbox (702.78307pt too high) has occurred while \output is active []


Overfull \vbox (24.2pt too high) has occurred while \output is active []


Underfull \vbox (badness 10000) has occurred while \output is active []


Overfull \vbox (634.49802pt too high) has occurred while \output is active []


./nwsguide.tex:1039: Undefined control sequence.
\@thehead ...revmark }\else \itshape \@authormark 
                                                  \fi \hfil 
l.1039 \end{document}
                     
? 

Overfull \vbox (1.50186pt too high) has occurred while \output is active []


[24
Non-PDF special ignored!
Non-PDF special ignored!
Non-PDF special ignored!]
Underfull \vbox (badness 10000) has occurred while \output is active []


Overfull \vbox (340.13695pt too high) has occurred while \output is active []


Underfull \vbox (badness 10000) has occurred while \output is active []


Underfull \vbox (badness 10000) has occurred while \output is active []


Underfull \vbox (badness 10000) has occurred while \output is active []


Overfull \vbox (42.0pt too high) has occurred while \output is active []


Overfull \vbox (42.0pt too high) has occurred while \output is active []


Overfull \vbox (702.78307pt too high) has occurred while \output is active []


Overfull \vbox (24.2pt too high) has occurred while \output is active []


Underfull \vbox (badness 10000) has occurred while \output is active []


Overfull \vbox (634.49802pt too high) has occurred while \output is active []


Overfull \vbox (1.50186pt too high) has occurred while \output is active []


[25
Non-PDF special ignored!
Non-PDF special ignored!
Non-PDF special ignored!]
Underfull \vbox (badness 10000) has occurred while \output is active []


Overfull \vbox (340.13695pt too high) has occurred while \output is active []


Underfull \vbox (badness 10000) has occurred while \output is active []


Underfull \vbox (badness 10000) has occurred while \output is active []


Underfull \vbox (badness 10000) has occurred while \output is active []


Overfull \vbox (42.0pt too high) has occurred while \output is active []


Overfull \vbox (42.0pt too high) has occurred while \output is active []


Overfull \vbox (702.78307pt too high) has occurred while \output is active []


Overfull \vbox (24.2pt too high) has occurred while \output is active []


Underfull \vbox (badness 10000) has occurred while \output is active []


Overfull \vbox (634.49802pt too high) has occurred while \output is active []


./nwsguide.tex:1039: Undefined control sequence.
\@thehead ...revmark }\else \itshape \@authormark 
                                                  \fi \hfil 
l.1039 \end{document}
                     
? 

Overfull \vbox (1.50186pt too high) has occurred while \output is active []


[26
Non-PDF special ignored!
Non-PDF special ignored!
Non-PDF special ignored!]
Underfull \vbox (badness 10000) has occurred while \output is active []


Overfull \vbox (340.13695pt too high) has occurred while \output is active []


Underfull \vbox (badness 10000) has occurred while \output is active []


Underfull \vbox (badness 10000) has occurred while \output is active []


Underfull \vbox (badness 10000) has occurred while \output is active []


Overfull \vbox (42.0pt too high) has occurred while \output is active []


Overfull \vbox (42.0pt too high) has occurred while \output is active []


Overfull \vbox (702.78307pt too high) has occurred while \output is active []


Overfull \vbox (24.2pt too high) has occurred while \output is active []


Underfull \vbox (badness 10000) has occurred while \output is active []


Overfull \vbox (634.49802pt too high) has occurred while \output is active []


Overfull \vbox (1.50186pt too high) has occurred while \output is active []


[27
Non-PDF special ignored!
Non-PDF special ignored!
Non-PDF special ignored!]
Underfull \vbox (badness 10000) has occurred while \output is active []


Overfull \vbox (340.13695pt too high) has occurred while \output is active []


Underfull \vbox (badness 10000) has occurred while \output is active []


Underfull \vbox (badness 10000) has occurred while \output is active []


Underfull \vbox (badness 10000) has occurred while \output is active []


Overfull \vbox (42.0pt too high) has occurred while \output is active []


Overfull \vbox (42.0pt too high) has occurred while \output is active []


Overfull \vbox (702.78307pt too high) has occurred while \output is active []


Overfull \vbox (24.2pt too high) has occurred while \output is active []


Underfull \vbox (badness 10000) has occurred while \output is active []


Overfull \vbox (634.49802pt too high) has occurred while \output is active []


./nwsguide.tex:1039: Undefined control sequence.
\@thehead ...revmark }\else \itshape \@authormark 
                                                  \fi \hfil 
l.1039 \end{document}
                     
? 

Overfull \vbox (1.50186pt too high) has occurred while \output is active []


[28
Non-PDF special ignored!
Non-PDF special ignored!
Non-PDF special ignored!] (./nwsguide.aux)

LaTeX Warning: There were undefined references.


LaTeX Warning: Label(s) may have changed. Rerun to get cross-references right.

 ) 
Here is how much of TeX's memory you used:
 2467 strings out of 493117
 34348 string characters out of 6135434
 161014 words of memory out of 5000000
 5841 multiletter control sequences out of 15000+600000
 53125 words of font info for 114 fonts, out of 8000000 for 9000
 1141 hyphenation exceptions out of 8191
 41i,14n,27p,1874b,304s stack positions out of 5000i,500n,10000p,200000b,80000s
{/usr/local/texlive/2014/texmf-dist/fonts/enc/dvips/base/8r.enc}</usr/local/t
exlive/2014/texmf-dist/fonts/type1/public/amsfonts/cm/cmmi10.pfb></usr/local/te
xlive/2014/texmf-dist/fonts/type1/public/amsfonts/cm/cmr10.pfb></usr/local/texl
ive/2014/texmf-dist/fonts/type1/public/amsfonts/cm/cmsy10.pfb></usr/local/texli
ve/2014/texmf-dist/fonts/type1/urw/symbol/usyr.pfb></usr/local/texlive/2014/tex
mf-dist/fonts/type1/urw/symbol/usyr.pfb></usr/local/texlive/2014/texmf-dist/fon
ts/type1/urw/times/utmb8a.pfb></usr/local/texlive/2014/texmf-dist/fonts/type1/u
rw/times/utmbi8a.pfb></usr/local/texlive/2014/texmf-dist/fonts/type1/urw/times/
utmr8a.pfb></usr/local/texlive/2014/texmf-dist/fonts/type1/urw/times/utmri8a.pf
b>
Output written on nwsguide.pdf (28 pages, 929422 bytes).
PDF statistics:
 151 PDF objects out of 1000 (max. 8388607)
 92 compressed objects within 1 object stream
 0 named destinations out of 1000 (max. 500000)
 56 words of extra memory for PDF output out of 10000 (max. 10000000)

