-------------------------------------------------------------------------------
      name:  <unnamed>
       log:  /Users/albertocottica/github/local/communities-network-design/Stat
> a files/estimation_2015_06_25.smcl
  log type:  smcl
 opened on:  26 Jun 2015, 15:58:34

. do "/var/folders/n8/szbcd5613wg9bk3r40lyrdlr0000gn/T//SD00395.000000"

. egen Nu1=group(nu1)
(100 missing values generated)

. egen Nu2=group(nu2)
(100 missing values generated)

. reg pv_all i.Nu1##i.Nu2

      Source |       SS       df       MS              Number of obs =    3600
-------------+------------------------------           F( 35,  3564) =    5.23
       Model |  2.06058691    35  .058873912           Prob > F      =  0.0000
    Residual |  40.1105283  3564  .011254357           R-squared     =  0.0489
-------------+------------------------------           Adj R-squared =  0.0395
       Total |  42.1711152  3599  .011717454           Root MSE      =  .10609

------------------------------------------------------------------------------
      pv_all |      Coef.   Std. Err.      t    P>|t|     [95% Conf. Interval]
-------------+----------------------------------------------------------------
         Nu1 |
          2  |    .004096   .0150029     0.27   0.785    -.0253191    .0335111
          3  |     .04588   .0150029     3.06   0.002     .0164649    .0752951
          4  |    .037592   .0150029     2.51   0.012     .0081769    .0670071
          5  |    .073808   .0150029     4.92   0.000     .0443929    .1032231
          6  |     .04206   .0150029     2.80   0.005     .0126449    .0714751
             |
         Nu2 |
          2  |    .001288   .0150029     0.09   0.932    -.0281271    .0307031
          3  |   -.006848   .0150029    -0.46   0.648    -.0362631    .0225671
          4  |   -.010872   .0150029    -0.72   0.469    -.0402871    .0185431
          5  |   -.003736   .0150029    -0.25   0.803    -.0331511    .0256791
          6  |   -.007412   .0150029    -0.49   0.621    -.0368271    .0220031
             |
     Nu1#Nu2 |
        2 2  |     .02346   .0212173     1.11   0.269    -.0181393    .0650593
        2 3  |    .029192   .0212173     1.38   0.169    -.0124073    .0707913
        2 4  |     .03138   .0212173     1.48   0.139    -.0102193    .0729793
        2 5  |    .022984   .0212173     1.08   0.279    -.0186153    .0645833
        2 6  |    .024104   .0212173     1.14   0.256    -.0174953    .0657033
        3 2  |   -.008976   .0212173    -0.42   0.672    -.0505753    .0326233
        3 3  |    .009984   .0212173     0.47   0.638    -.0316153    .0515833
        3 4  |   -.010744   .0212173    -0.51   0.613    -.0523433    .0308553
        3 5  |   -.018036   .0212173    -0.85   0.395    -.0596353    .0235633
        3 6  |    .018384   .0212173     0.87   0.386    -.0232153    .0599833
        4 2  |   -.012192   .0212173    -0.57   0.566    -.0537913    .0294073
        4 3  |    .012568   .0212173     0.59   0.554    -.0290313    .0541673
        4 4  |    .017708   .0212173     0.83   0.404    -.0238913    .0593073
        4 5  |   -.002076   .0212173    -0.10   0.922    -.0436753    .0395233
        4 6  |   -.009336   .0212173    -0.44   0.660    -.0509353    .0322633
        5 2  |   -.018728   .0212173    -0.88   0.377    -.0603273    .0228713
        5 3  |   -.022152   .0212173    -1.04   0.297    -.0637513    .0194473
        5 4  |   -.012636   .0212173    -0.60   0.552    -.0542353    .0289633
        5 5  |   -.005992   .0212173    -0.28   0.778    -.0475913    .0356073
        5 6  |   -.002416   .0212173    -0.11   0.909    -.0440153    .0391833
        6 2  |     .01852   .0212173     0.87   0.383    -.0230793    .0601193
        6 3  |    .038544   .0212173     1.82   0.069    -.0030553    .0801433
        6 4  |    .026452   .0212173     1.25   0.213    -.0151473    .0680513
        6 5  |    .025892   .0212173     1.22   0.222    -.0157073    .0674913
        6 6  |    .022248   .0212173     1.05   0.294    -.0193513    .0638473
             |
       _cons |    .058808   .0106087     5.54   0.000     .0380084    .0796076
------------------------------------------------------------------------------

. testparm i.Nu2

 ( 1)  2.Nu2 = 0
 ( 2)  3.Nu2 = 0
 ( 3)  4.Nu2 = 0
 ( 4)  5.Nu2 = 0
 ( 5)  6.Nu2 = 0

       F(  5,  3564) =    0.19
            Prob > F =    0.9651

. testparm i.Nu1#i.Nu2

 ( 1)  2.Nu1#2.Nu2 = 0
 ( 2)  2.Nu1#3.Nu2 = 0
 ( 3)  2.Nu1#4.Nu2 = 0
 ( 4)  2.Nu1#5.Nu2 = 0
 ( 5)  2.Nu1#6.Nu2 = 0
 ( 6)  3.Nu1#2.Nu2 = 0
 ( 7)  3.Nu1#3.Nu2 = 0
 ( 8)  3.Nu1#4.Nu2 = 0
 ( 9)  3.Nu1#5.Nu2 = 0
 (10)  3.Nu1#6.Nu2 = 0
 (11)  4.Nu1#2.Nu2 = 0
 (12)  4.Nu1#3.Nu2 = 0
 (13)  4.Nu1#4.Nu2 = 0
 (14)  4.Nu1#5.Nu2 = 0
 (15)  4.Nu1#6.Nu2 = 0
 (16)  5.Nu1#2.Nu2 = 0
 (17)  5.Nu1#3.Nu2 = 0
 (18)  5.Nu1#4.Nu2 = 0
 (19)  5.Nu1#5.Nu2 = 0
 (20)  5.Nu1#6.Nu2 = 0
 (21)  6.Nu1#2.Nu2 = 0
 (22)  6.Nu1#3.Nu2 = 0
 (23)  6.Nu1#4.Nu2 = 0
 (24)  6.Nu1#5.Nu2 = 0
 (25)  6.Nu1#6.Nu2 = 0

       F( 25,  3564) =    0.99
            Prob > F =    0.4713

. 
end of do-file

. log close
      name:  <unnamed>
       log:  /Users/albertocottica/github/local/communities-network-design/Stat
> a files/estimation_2015_06_25.smcl
  log type:  smcl
 closed on:  26 Jun 2015, 15:59:11
-------------------------------------------------------------------------------
